18:48:07.468 [main                     ] DEBUG Logger               - Configured Logger
18:48:07.485 [main                     ] DEBUG GameApplication      - Logging settings
Title: Sisyphus
Version: 0.0
Width: 800
Height: 600
Fullscreen: false
Intro: false
Profiling: false
Single step:false
App Mode: DEVELOPER
Menu Key: ESCAPE
Stage Style: DECORATED
Scene Factory: class com.almasb.fxgl.app.scene.SceneFactory

18:48:07.958 [JavaFX Application Thread] DEBUG FXGLApplication      - Initializing FXGL
18:48:07.961 [JavaFX Application Thread] INFO  Engine               - FXGL-21.1 (27.03.2024 07.52) on WINDOWS (J:23 FX:21.0.1)
18:48:07.961 [JavaFX Application Thread] DEBUG Engine               - JRE Vendor Name: Eclipse Adoptium
18:48:07.962 [JavaFX Application Thread] DEBUG Engine               - Running on OS: Windows 11 version 10.0
18:48:07.962 [JavaFX Application Thread] DEBUG Engine               - Architecture: amd64
18:48:07.962 [JavaFX Application Thread] INFO  Engine               - Source code and latest versions at: https://github.com/AlmasB/FXGL
18:48:07.962 [JavaFX Application Thread] INFO  Engine               -       Ask questions and discuss at: https://github.com/AlmasB/FXGL/discussions
18:48:07.962 [JavaFX Application Thread] INFO  Engine               -              Join the FXGL chat at: https://gitter.im/AlmasB/FXGL
18:48:08.063 [JavaFX Application Thread] DEBUG PrimaryStageWindow   - Creating a JavaFX scene
18:48:08.102 [JavaFX Application Thread] DEBUG PrimaryStageWindow   - Target settings size: 800.0 x 600.0
18:48:08.103 [JavaFX Application Thread] DEBUG PrimaryStageWindow   - Scaled scene size:    800.0 x 600.0
18:48:08.103 [JavaFX Application Thread] DEBUG PrimaryStageWindow   - Scaled ratio: (1.0, 1.0)
18:48:08.104 [JavaFX Application Thread] DEBUG PrimaryStageWindow   - Set initial scene to FXGLStartupScene
18:48:08.107 [JavaFX Application Thread] DEBUG PrimaryStageWindow   - Opening main window
18:48:08.182 [JavaFX Application Thread] DEBUG PrimaryStageWindow   - Window border size: (16.0, 39.0)
18:48:08.182 [JavaFX Application Thread] DEBUG PrimaryStageWindow   - Scaled size: 800.0 x 600.0
18:48:08.182 [JavaFX Application Thread] DEBUG PrimaryStageWindow   - Scaled ratio: (1.0, 1.0)
18:48:08.183 [JavaFX Application Thread] DEBUG PrimaryStageWindow   - Scene size: 800.0 x 600.0
18:48:08.183 [JavaFX Application Thread] DEBUG PrimaryStageWindow   - Stage size: 816.0 x 639.0
18:48:08.191 [FXGL Background Thread 1 ] DEBUG Engine               - Initializing environment variables
18:48:08.281 [FXGL Background Thread 1 ] DEBUG FXGLAssetLoaderServi - User app class for loading assets: class com.PUSHISTAYA0ZATOCHKA.Sisyphus.Sisyphus
18:48:08.281 [FXGL Background Thread 1 ] DEBUG GameApplicationServi - Applying CSS: fxgl_dark.css
18:48:08.281 [FXGL Background Thread 1 ] DEBUG FXGLAssetLoaderServi - Loading from file system: jar:file:/C:/Users/%d0%9f%d0%90%d0%91%d0%9b%d0%9e/.m2/repository/com/github/almasb/fxgl/21.1/fxgl-21.1.jar!/fxglassets/ui/css/fxgl_dark.css
18:48:08.341 [FXGL Background Thread 1 ] DEBUG GameApplicationServi - Initializing application scenes
18:48:08.388 [FXGL Background Thread 1 ] DEBUG GameWorld            - Game world initialized
18:48:08.443 [FXGL Background Thread 1 ] DEBUG PhysicsWorld         - Physics world initialized: appHeight=600, physics.ppm=50,0
18:48:08.444 [FXGL Background Thread 1 ] DEBUG PhysicsWorld         - Using strategy: BRUTE_FORCE
18:48:08.447 [FXGL Background Thread 1 ] DEBUG GameScene            - Game scene initialized: 800x600
18:48:08.458 [FXGL Background Thread 1 ] DEBUG FXGL.DefaultMenu     - createMenuBodyGameMenu()
18:48:08.474 [FXGL Background Thread 1 ] DEBUG FXGL.DefaultMenu     - createOptionsMenu()
18:48:08.483 [FXGL Background Thread 1 ] DEBUG FXGLAssetLoaderServi - Loading from file system: jar:file:/C:/Users/%d0%9f%d0%90%d0%91%d0%9b%d0%9e/.m2/repository/com/github/almasb/fxgl/21.1/fxgl-21.1.jar!/fxglassets/textures/particles/smoke.png
18:48:08.586 [FXGL Background Thread 1 ] DEBUG FXGLAssetLoaderServi - Loading from file system: jar:file:/C:/Users/%d0%9f%d0%90%d0%91%d0%9b%d0%9e/.m2/repository/com/github/almasb/fxgl/21.1/fxgl-21.1.jar!/fxglassets/textures/particles/trace_horizontal.png
18:48:08.610 [FXGL Background Thread 1 ] DEBUG GameApplicationServi - Application scenes initialized
18:48:08.625 [FXGL Background Thread 1 ] DEBUG SystemBundleService  - Loading FXGL system data
18:48:08.636 [FXGL Background Thread 1 ] DEBUG FileSystemAccess     - Reading from: C:\Users\ПАБЛО\eclipse-workspace\Sisyphus\system\fxgl.bundle
18:48:08.644 [FXGL Background Thread 1 ] DEBUG SystemBundleService  - Bundle FXGL: {}
18:48:08.645 [FXGL Background Thread 1 ] DEBUG UpdaterService       - Checking for updates
18:48:08.648 [FXGL Background Thread 4 ] DEBUG FXGLApplication      - Loading fonts
18:48:08.649 [FXGL Background Thread 4 ] DEBUG FXGLAssetLoaderServi - Loading from file system: jar:file:/C:/Users/%d0%9f%d0%90%d0%91%d0%9b%d0%9e/.m2/repository/com/github/almasb/fxgl/21.1/fxgl-21.1.jar!/fxglassets/ui/fonts/VarelaRound-Regular.ttf
18:48:08.649 [FXGL Background Thread 1 ] DEBUG FXGLApplication      - Loading default localization
18:48:08.649 [FXGL Background Thread 1 ] DEBUG FXGLAssetLoaderServi - Loading from file system: jar:file:/C:/Users/%d0%9f%d0%90%d0%91%d0%9b%d0%9e/.m2/repository/com/github/almasb/fxgl/21.1/fxgl-21.1.jar!/fxglassets/languages/english.lang
18:48:08.669 [FXGL Background Thread 1 ] INFO  FXGLApplication      - FXGL initialization took: 0,478 sec
18:48:08.670 [JavaFX Application Thread] DEBUG FXGLAssetLoaderServi - Loading from file system: jar:file:/C:/Users/%d0%9f%d0%90%d0%91%d0%9b%d0%9e/.m2/repository/com/github/almasb/fxgl/21.1/fxgl-21.1.jar!/fxglassets/textures/fxgl_icon.png
18:48:08.683 [FXGL Background Thread 4 ] DEBUG FXGLAssetLoaderServi - Loading from file system: jar:file:/C:/Users/%d0%9f%d0%90%d0%91%d0%9b%d0%9e/.m2/repository/com/github/almasb/fxgl/21.1/fxgl-21.1.jar!/fxglassets/ui/fonts/Abel-Regular.ttf
18:48:08.686 [JavaFX Application Thread] DEBUG FXGLAssetLoaderServi - Loading from file system: jar:file:/C:/Users/%d0%9f%d0%90%d0%91%d0%9b%d0%9e/.m2/repository/com/github/almasb/fxgl/21.1/fxgl-21.1.jar!/fxglassets/textures/fxgl_default_cursor.png
18:48:08.693 [FXGL Background Thread 4 ] DEBUG FXGLAssetLoaderServi - Loading from file system: jar:file:/C:/Users/%d0%9f%d0%90%d0%91%d0%9b%d0%9e/.m2/repository/com/github/almasb/fxgl/21.1/fxgl-21.1.jar!/fxglassets/ui/fonts/TerminalLandMono-Regular.otf
18:48:08.698 [JavaFX Application Thread] DEBUG Input                - Registered new binding: Screenshot - CTRL+8
18:48:08.698 [JavaFX Application Thread] DEBUG Input                - Registered new binding: System info dump - CTRL+9
18:48:08.698 [JavaFX Application Thread] DEBUG Input                - Registered new binding: Restart - CTRL+R
18:48:08.699 [JavaFX Application Thread] DEBUG Input                - Registered new binding: Toggle Debug Camera - CTRL+7
18:48:08.701 [JavaFX Application Thread] DEBUG LoopRunner           - Starting loop
18:48:08.701 [JavaFX Application Thread] DEBUG LoopRunner           - Initializing JavaFX AnimationTimerLoop
18:48:08.703 [JavaFX Application Thread] DEBUG GameApplicationServi - Starting new game
18:48:08.703 [FXGL Background Thread 4 ] DEBUG FXGLAssetLoaderServi - Loading from file system: jar:file:/C:/Users/%d0%9f%d0%90%d0%91%d0%9b%d0%9e/.m2/repository/com/github/almasb/fxgl/21.1/fxgl-21.1.jar!/fxglassets/ui/fonts/Courier-Prime.ttf
18:48:08.703 [JavaFX Application Thread] DEBUG Input                - Clearing active input actions
18:48:08.713 [JavaFX Application Thread] DEBUG GameApplicationServi - Removing overlay from FXGLStartupScene and adding to FXGLLoadingScene
18:48:08.714 [JavaFX Application Thread] DEBUG PrimaryStageWindow   - FXGLStartupScene -> FXGLLoadingScene
18:48:08.714 [JavaFX Application Thread] DEBUG GameApplicationServi - Clearing previous game
18:48:08.714 [JavaFX Application Thread] DEBUG GameScene            - Clearing game scene
18:48:08.714 [JavaFX Application Thread] DEBUG GameWorld            - Clearing game world
18:48:08.714 [JavaFX Application Thread] DEBUG PhysicsWorld         - Clearing physics world
18:48:08.715 [FXGL Background Thread 1 ] DEBUG FXGLApplication      - Initializing game
18:48:08.717 [FXGL Background Thread 1 ] INFO  FXGLApplication      - Game initialization took: 0,001 sec
18:48:08.758 [JavaFX Application Thread] DEBUG Input                - Clearing active input actions
18:48:08.764 [JavaFX Application Thread] DEBUG GameApplicationServi - Removing overlay from FXGLLoadingScene and adding to GameScene
18:48:08.764 [JavaFX Application Thread] DEBUG PrimaryStageWindow   - FXGLLoadingScene -> GameScene
18:48:08.764 [JavaFX Application Thread] DEBUG FXGLApplication      - Registering font factories with UI factory
18:48:11.649 [FXGL Background Thread 3 ] DEBUG Engine               - Logging environment variables
18:48:11.649 [FXGL Background Thread 3 ] DEBUG Engine               - achievements: []
18:48:11.649 [FXGL Background Thread 3 ] DEBUG Engine               - actualHeight: 600.0
18:48:11.649 [FXGL Background Thread 3 ] DEBUG Engine               - actualHeightProperty: ReadOnlyDoubleProperty [value: 600.0]
18:48:11.649 [FXGL Background Thread 3 ] DEBUG Engine               - actualWidth: 800.0
18:48:11.650 [FXGL Background Thread 3 ] DEBUG Engine               - actualWidthProperty: ReadOnlyDoubleProperty [value: 800.0]
18:48:11.650 [FXGL Background Thread 3 ] DEBUG Engine               - appIcon: fxgl_icon.png
18:48:11.650 [FXGL Background Thread 3 ] DEBUG Engine               - applicationMode: DEVELOPER
18:48:11.650 [FXGL Background Thread 3 ] DEBUG Engine               - cSSList: [fxgl_dark.css]
18:48:11.650 [FXGL Background Thread 3 ] DEBUG Engine               - collisionDetectionStrategy: BRUTE_FORCE
18:48:11.650 [FXGL Background Thread 3 ] DEBUG Engine               - configClass: Optional.empty
18:48:11.650 [FXGL Background Thread 3 ] DEBUG Engine               - credits: []
18:48:11.650 [FXGL Background Thread 3 ] DEBUG Engine               - defaultCursor: CursorInfo(imageName=fxgl_default_cursor.png, hotspotX=7.0, hotspotY=6.0)
18:48:11.650 [FXGL Background Thread 3 ] DEBUG Engine               - devBBoxColorProperty: ObjectProperty [value: 0xff0000ff]
18:48:11.650 [FXGL Background Thread 3 ] DEBUG Engine               - devEnableDebugCameraProperty: BooleanProperty [value: false]
18:48:11.650 [FXGL Background Thread 3 ] DEBUG Engine               - devSensorColorProperty: ObjectProperty [value: 0xffff00ff]
18:48:11.650 [FXGL Background Thread 3 ] DEBUG Engine               - devShowBBoxProperty: BooleanProperty [value: false]
18:48:11.650 [FXGL Background Thread 3 ] DEBUG Engine               - devShowPositionProperty: BooleanProperty [value: false]
18:48:11.650 [FXGL Background Thread 3 ] DEBUG Engine               - enabledMenuItems: []
18:48:11.651 [FXGL Background Thread 3 ] DEBUG Engine               - engineServices: [class com.almasb.fxgl.app.services.FXGLAssetLoaderService, class com.almasb.fxgl.app.FXGLApplication$GameApplicationService, class com.almasb.fxgl.app.services.FXGLDialogService, class com.almasb.fxgl.app.services.IOTaskExecutorService, class com.almasb.fxgl.io.FileSystemService, class com.almasb.fxgl.localization.LocalizationService, class com.almasb.fxgl.app.services.SystemBundleService, class com.almasb.fxgl.profile.SaveLoadService, class com.almasb.fxgl.ui.FXGLUIFactoryServiceProvider, class com.almasb.fxgl.ui.FXGLDialogFactoryServiceProvider, class com.almasb.fxgl.audio.AudioPlayer, class com.almasb.fxgl.notification.impl.NotificationServiceProvider, class com.almasb.fxgl.achievement.AchievementService, class com.almasb.fxgl.cutscene.CutsceneService, class com.almasb.fxgl.minigames.MiniGameService, class com.almasb.fxgl.net.NetService, class com.almasb.fxgl.app.services.UpdaterService, class com.almasb.fxgl.dev.DevService]
18:48:11.651 [FXGL Background Thread 3 ] DEBUG Engine               - fontGame: Abel-Regular.ttf
18:48:11.651 [FXGL Background Thread 3 ] DEBUG Engine               - fontMono: TerminalLandMono-Regular.otf
18:48:11.651 [FXGL Background Thread 3 ] DEBUG Engine               - fontSizeScaleUI: 1.0
18:48:11.651 [FXGL Background Thread 3 ] DEBUG Engine               - fontText: Courier-Prime.ttf
18:48:11.651 [FXGL Background Thread 3 ] DEBUG Engine               - fontUI: VarelaRound-Regular.ttf
18:48:11.651 [FXGL Background Thread 3 ] DEBUG Engine               - fullScreen: BooleanProperty [value: false]
18:48:11.651 [FXGL Background Thread 3 ] DEBUG Engine               - gameDifficulty: MEDIUM
18:48:11.651 [FXGL Background Thread 3 ] DEBUG Engine               - gameDifficultyProperty: ObjectProperty [value: MEDIUM]
18:48:11.651 [FXGL Background Thread 3 ] DEBUG Engine               - globalMusicVolume: 0.5
18:48:11.651 [FXGL Background Thread 3 ] DEBUG Engine               - globalMusicVolumeProperty: DoubleProperty [value: 0.5]
18:48:11.651 [FXGL Background Thread 3 ] DEBUG Engine               - globalSoundVolume: 0.5
18:48:11.651 [FXGL Background Thread 3 ] DEBUG Engine               - globalSoundVolumeProperty: DoubleProperty [value: 0.5]
18:48:11.651 [FXGL Background Thread 3 ] DEBUG Engine               - height: 600
18:48:11.651 [FXGL Background Thread 3 ] DEBUG Engine               - is3D: false
18:48:11.651 [FXGL Background Thread 3 ] DEBUG Engine               - isAndroid: false
18:48:11.651 [FXGL Background Thread 3 ] DEBUG Engine               - isBrowser: false
18:48:11.651 [FXGL Background Thread 3 ] DEBUG Engine               - isClickFeedbackEnabled: false
18:48:11.651 [FXGL Background Thread 3 ] DEBUG Engine               - isCloseConfirmation: false
18:48:11.651 [FXGL Background Thread 3 ] DEBUG Engine               - isDesktop: true
18:48:11.651 [FXGL Background Thread 3 ] DEBUG Engine               - isDeveloperMenuEnabled: false
18:48:11.652 [FXGL Background Thread 3 ] DEBUG Engine               - isEmbedded: false
18:48:11.652 [FXGL Background Thread 3 ] DEBUG Engine               - isEntityPreloadEnabled: true
18:48:11.652 [FXGL Background Thread 3 ] DEBUG Engine               - isExperimentalTiledLargeMap: false
18:48:11.652 [FXGL Background Thread 3 ] DEBUG Engine               - isFileSystemWriteAllowed: true
18:48:11.652 [FXGL Background Thread 3 ] DEBUG Engine               - isFullScreenAllowed: false
18:48:11.652 [FXGL Background Thread 3 ] DEBUG Engine               - isFullScreenFromStart: false
18:48:11.652 [FXGL Background Thread 3 ] DEBUG Engine               - isGameMenuEnabled: true
18:48:11.652 [FXGL Background Thread 3 ] DEBUG Engine               - isIOS: false
18:48:11.652 [FXGL Background Thread 3 ] DEBUG Engine               - isIntroEnabled: false
18:48:11.652 [FXGL Background Thread 3 ] DEBUG Engine               - isLinux: false
18:48:11.652 [FXGL Background Thread 3 ] DEBUG Engine               - isMac: false
18:48:11.652 [FXGL Background Thread 3 ] DEBUG Engine               - isMainMenuEnabled: false
18:48:11.652 [FXGL Background Thread 3 ] DEBUG Engine               - isManualResizeEnabled: false
18:48:11.652 [FXGL Background Thread 3 ] DEBUG Engine               - isMobile: false
18:48:11.652 [FXGL Background Thread 3 ] DEBUG Engine               - isNative: false
18:48:11.652 [FXGL Background Thread 3 ] DEBUG Engine               - isPauseMusicWhenMinimized: true
18:48:11.652 [FXGL Background Thread 3 ] DEBUG Engine               - isPreserveResizeRatio: false
18:48:11.652 [FXGL Background Thread 3 ] DEBUG Engine               - isProfilingEnabled: false
18:48:11.652 [FXGL Background Thread 3 ] DEBUG Engine               - isScaleAffectedOnResize: true
18:48:11.652 [FXGL Background Thread 3 ] DEBUG Engine               - isSingleStep: false
18:48:11.652 [FXGL Background Thread 3 ] DEBUG Engine               - isUserProfileEnabled: false
18:48:11.653 [FXGL Background Thread 3 ] DEBUG Engine               - isWindows: true
18:48:11.653 [FXGL Background Thread 3 ] DEBUG Engine               - language: ObjectProperty [value: ENGLISH]
18:48:11.653 [FXGL Background Thread 3 ] DEBUG Engine               - menuKey: ESCAPE
18:48:11.653 [FXGL Background Thread 3 ] DEBUG Engine               - mouseSensitivity: 0.2
18:48:11.653 [FXGL Background Thread 3 ] DEBUG Engine               - notificationViewClass: class com.almasb.fxgl.notification.view.XboxNotificationView
18:48:11.653 [FXGL Background Thread 3 ] DEBUG Engine               - pixelsPerMeter: 50.0
18:48:11.653 [FXGL Background Thread 3 ] DEBUG Engine               - platform: WINDOWS
18:48:11.653 [FXGL Background Thread 3 ] DEBUG Engine               - prefHeightProperty: ReadOnlyDoubleProperty [value: 600.0]
18:48:11.653 [FXGL Background Thread 3 ] DEBUG Engine               - prefWidthProperty: ReadOnlyDoubleProperty [value: 800.0]
18:48:11.653 [FXGL Background Thread 3 ] DEBUG Engine               - profileDir: profiles/
18:48:11.653 [FXGL Background Thread 3 ] DEBUG Engine               - profileName: StringProperty [value: DEFAULT]
18:48:11.653 [FXGL Background Thread 3 ] DEBUG Engine               - randomSeed: -1
18:48:11.653 [FXGL Background Thread 3 ] DEBUG Engine               - runtimeInfo: RuntimeInfo(platform=WINDOWS, version=21.1, build=27.03.2024 07.52)
18:48:11.653 [FXGL Background Thread 3 ] DEBUG Engine               - saveFileExt: sav
18:48:11.653 [FXGL Background Thread 3 ] DEBUG Engine               - scaledHeightProp$fxgl: DoubleProperty [bound, value: 600.0]
18:48:11.653 [FXGL Background Thread 3 ] DEBUG Engine               - scaledWidthProp$fxgl: DoubleProperty [bound, value: 800.0]
18:48:11.653 [FXGL Background Thread 3 ] DEBUG Engine               - sceneFactory: com.almasb.fxgl.app.scene.SceneFactory@3e10d5e9
18:48:11.654 [FXGL Background Thread 3 ] DEBUG Engine               - secondsIn24h: 60
18:48:11.654 [FXGL Background Thread 3 ] DEBUG Engine               - soundMenuBack: menu/back.wav
18:48:11.654 [FXGL Background Thread 3 ] DEBUG Engine               - soundMenuPress: menu/press.wav
18:48:11.654 [FXGL Background Thread 3 ] DEBUG Engine               - soundMenuSelect: menu/select.wav
18:48:11.654 [FXGL Background Thread 3 ] DEBUG Engine               - soundNotification: core/notification.wav
18:48:11.654 [FXGL Background Thread 3 ] DEBUG Engine               - stageStyle: DECORATED
18:48:11.654 [FXGL Background Thread 3 ] DEBUG Engine               - supportedLanguages: [ENGLISH, FRENCH, GERMAN, HUNGARIAN, RUSSIAN]
18:48:11.654 [FXGL Background Thread 3 ] DEBUG Engine               - ticksPerSecond: -1
18:48:11.654 [FXGL Background Thread 3 ] DEBUG Engine               - title: Sisyphus
18:48:11.654 [FXGL Background Thread 3 ] DEBUG Engine               - urlGithub: https://github.com/AlmasB/FXGL
18:48:11.654 [FXGL Background Thread 3 ] DEBUG Engine               - urlLeaderboard: http://fxgl-top.herokuapp.com/
18:48:11.654 [FXGL Background Thread 3 ] DEBUG Engine               - urlPOM: https://raw.githubusercontent.com/AlmasB/FXGL/release/README.md
18:48:11.654 [FXGL Background Thread 3 ] DEBUG Engine               - userAppClass: class com.PUSHISTAYA0ZATOCHKA.Sisyphus.Sisyphus
18:48:11.654 [FXGL Background Thread 3 ] DEBUG Engine               - version: 0.0
18:48:11.654 [FXGL Background Thread 3 ] DEBUG Engine               - versionCheckDays: 7
18:48:11.654 [FXGL Background Thread 3 ] DEBUG Engine               - width: 800
18:48:11.654 [FXGL Background Thread 3 ] DEBUG Engine               - Logging services
18:48:11.654 [FXGL Background Thread 3 ] DEBUG Engine               - class com.almasb.fxgl.app.services.FXGLAssetLoaderService
18:48:11.654 [FXGL Background Thread 3 ] DEBUG Engine               - class com.almasb.fxgl.app.FXGLApplication$GameApplicationService
18:48:11.654 [FXGL Background Thread 3 ] DEBUG Engine               - class com.almasb.fxgl.app.services.FXGLDialogService
18:48:11.654 [FXGL Background Thread 3 ] DEBUG Engine               - class com.almasb.fxgl.app.services.IOTaskExecutorService
18:48:11.654 [FXGL Background Thread 3 ] DEBUG Engine               - class com.almasb.fxgl.io.FileSystemService
18:48:11.654 [FXGL Background Thread 3 ] DEBUG Engine               - class com.almasb.fxgl.localization.LocalizationService
18:48:11.654 [FXGL Background Thread 3 ] DEBUG Engine               - class com.almasb.fxgl.app.services.SystemBundleService
18:48:11.654 [FXGL Background Thread 3 ] DEBUG Engine               - class com.almasb.fxgl.profile.SaveLoadService
18:48:11.655 [FXGL Background Thread 3 ] DEBUG Engine               - class com.almasb.fxgl.ui.FXGLUIFactoryServiceProvider
18:48:11.655 [FXGL Background Thread 3 ] DEBUG Engine               - class com.almasb.fxgl.ui.FXGLDialogFactoryServiceProvider
18:48:11.655 [FXGL Background Thread 3 ] DEBUG Engine               - class com.almasb.fxgl.audio.AudioPlayer
18:48:11.655 [FXGL Background Thread 3 ] DEBUG Engine               - class com.almasb.fxgl.notification.impl.NotificationServiceProvider
18:48:11.655 [FXGL Background Thread 3 ] DEBUG Engine               - class com.almasb.fxgl.achievement.AchievementService
18:48:11.655 [FXGL Background Thread 3 ] DEBUG Engine               - class com.almasb.fxgl.cutscene.CutsceneService
18:48:11.655 [FXGL Background Thread 3 ] DEBUG Engine               - class com.almasb.fxgl.minigames.MiniGameService
18:48:11.655 [FXGL Background Thread 3 ] DEBUG Engine               - class com.almasb.fxgl.net.NetService
18:48:11.655 [FXGL Background Thread 3 ] DEBUG Engine               - class com.almasb.fxgl.app.services.UpdaterService
18:48:11.655 [FXGL Background Thread 3 ] DEBUG Engine               - class com.almasb.fxgl.dev.DevService
18:48:27.393 [JavaFX Application Thread] DEBUG FXGLApplication      - Exiting FXGL
18:48:27.393 [JavaFX Application Thread] DEBUG LoopRunner           - Stopping loop
18:48:27.393 [JavaFX Application Thread] DEBUG SystemBundleService  - Saving FXGL system data
18:48:27.396 [JavaFX Application Thread] DEBUG FileSystemAccess     - Writing to: C:\Users\ПАБЛО\eclipse-workspace\Sisyphus\system\fxgl.bundle
18:48:27.398 [JavaFX Application Thread] DEBUG Async                - Shutting down background threads
18:48:27.398 [JavaFX Application Thread] DEBUG PrimaryStageWindow   - Closing main window
18:48:27.405 [JavaFX Application Thread] DEBUG Logger               - Closing Logger
