18:51:15.252 [main                     ] DEBUG Logger               - Configured Logger
18:51:15.272 [main                     ] DEBUG GameApplication      - Logging settings
Title: S
Version: 0.0
Width: 800
Height: 600
Fullscreen: false
Intro: false
Profiling: false
Single step:false
App Mode: DEVELOPER
Menu Key: ESCAPE
Stage Style: DECORATED
Scene Factory: class com.almasb.fxgl.app.scene.SceneFactory

18:51:15.768 [JavaFX Application Thread] DEBUG FXGLApplication      - Initializing FXGL
18:51:15.772 [JavaFX Application Thread] INFO  Engine               - FXGL-21.1 (27.03.2024 07.52) on WINDOWS (J:23 FX:21.0.1)
18:51:15.772 [JavaFX Application Thread] DEBUG Engine               - JRE Vendor Name: Eclipse Adoptium
18:51:15.773 [JavaFX Application Thread] DEBUG Engine               - Running on OS: Windows 11 version 10.0
18:51:15.773 [JavaFX Application Thread] DEBUG Engine               - Architecture: amd64
18:51:15.773 [JavaFX Application Thread] INFO  Engine               - Source code and latest versions at: https://github.com/AlmasB/FXGL
18:51:15.773 [JavaFX Application Thread] INFO  Engine               -       Ask questions and discuss at: https://github.com/AlmasB/FXGL/discussions
18:51:15.773 [JavaFX Application Thread] INFO  Engine               -              Join the FXGL chat at: https://gitter.im/AlmasB/FXGL
18:51:15.879 [JavaFX Application Thread] DEBUG PrimaryStageWindow   - Creating a JavaFX scene
18:51:15.924 [JavaFX Application Thread] DEBUG PrimaryStageWindow   - Target settings size: 800.0 x 600.0
18:51:15.924 [JavaFX Application Thread] DEBUG PrimaryStageWindow   - Scaled scene size:    800.0 x 600.0
18:51:15.924 [JavaFX Application Thread] DEBUG PrimaryStageWindow   - Scaled ratio: (1.0, 1.0)
18:51:15.925 [JavaFX Application Thread] DEBUG PrimaryStageWindow   - Set initial scene to FXGLStartupScene
18:51:15.928 [JavaFX Application Thread] DEBUG PrimaryStageWindow   - Opening main window
18:51:16.001 [JavaFX Application Thread] DEBUG PrimaryStageWindow   - Window border size: (16.0, 39.0)
18:51:16.001 [JavaFX Application Thread] DEBUG PrimaryStageWindow   - Scaled size: 800.0 x 600.0
18:51:16.002 [JavaFX Application Thread] DEBUG PrimaryStageWindow   - Scaled ratio: (1.0, 1.0)
18:51:16.002 [JavaFX Application Thread] DEBUG PrimaryStageWindow   - Scene size: 800.0 x 600.0
18:51:16.002 [JavaFX Application Thread] DEBUG PrimaryStageWindow   - Stage size: 816.0 x 639.0
18:51:16.010 [FXGL Background Thread 1 ] DEBUG Engine               - Initializing environment variables
18:51:16.075 [FXGL Background Thread 1 ] DEBUG FXGLAssetLoaderServi - User app class for loading assets: class com.PUSHISTAYA0ZATOCHKA.Sisyphus.Sisyphus
18:51:16.075 [FXGL Background Thread 1 ] DEBUG GameApplicationServi - Applying CSS: fxgl_dark.css
18:51:16.076 [FXGL Background Thread 1 ] DEBUG FXGLAssetLoaderServi - Loading from file system: jar:file:/C:/Users/%d0%9f%d0%90%d0%91%d0%9b%d0%9e/.m2/repository/com/github/almasb/fxgl/21.1/fxgl-21.1.jar!/fxglassets/ui/css/fxgl_dark.css
18:51:16.115 [FXGL Background Thread 1 ] DEBUG GameApplicationServi - Initializing application scenes
18:51:16.153 [FXGL Background Thread 1 ] DEBUG GameWorld            - Game world initialized
18:51:16.206 [FXGL Background Thread 1 ] DEBUG PhysicsWorld         - Physics world initialized: appHeight=600, physics.ppm=50,0
18:51:16.206 [FXGL Background Thread 1 ] DEBUG PhysicsWorld         - Using strategy: BRUTE_FORCE
18:51:16.209 [FXGL Background Thread 1 ] DEBUG GameScene            - Game scene initialized: 800x600
18:51:16.219 [FXGL Background Thread 1 ] DEBUG FXGL.DefaultMenu     - createMenuBodyGameMenu()
18:51:16.231 [FXGL Background Thread 1 ] DEBUG FXGL.DefaultMenu     - createOptionsMenu()
18:51:16.239 [FXGL Background Thread 1 ] DEBUG FXGLAssetLoaderServi - Loading from file system: jar:file:/C:/Users/%d0%9f%d0%90%d0%91%d0%9b%d0%9e/.m2/repository/com/github/almasb/fxgl/21.1/fxgl-21.1.jar!/fxglassets/textures/particles/smoke.png
18:51:16.320 [FXGL Background Thread 1 ] DEBUG FXGLAssetLoaderServi - Loading from file system: jar:file:/C:/Users/%d0%9f%d0%90%d0%91%d0%9b%d0%9e/.m2/repository/com/github/almasb/fxgl/21.1/fxgl-21.1.jar!/fxglassets/textures/particles/trace_horizontal.png
18:51:16.343 [FXGL Background Thread 1 ] DEBUG GameApplicationServi - Application scenes initialized
18:51:16.355 [FXGL Background Thread 1 ] DEBUG SystemBundleService  - Loading FXGL system data
18:51:16.359 [FXGL Background Thread 1 ] DEBUG FileSystemAccess     - Reading from: C:\Users\ПАБЛО\eclipse-workspace\Sisyphus\system\fxgl.bundle
18:51:16.366 [FXGL Background Thread 1 ] DEBUG SystemBundleService  - Bundle FXGL: {}
18:51:16.366 [FXGL Background Thread 1 ] DEBUG UpdaterService       - Checking for updates
18:51:16.370 [FXGL Background Thread 4 ] DEBUG FXGLApplication      - Loading fonts
18:51:16.370 [FXGL Background Thread 4 ] DEBUG FXGLAssetLoaderServi - Loading from file system: jar:file:/C:/Users/%d0%9f%d0%90%d0%91%d0%9b%d0%9e/.m2/repository/com/github/almasb/fxgl/21.1/fxgl-21.1.jar!/fxglassets/ui/fonts/VarelaRound-Regular.ttf
18:51:16.370 [FXGL Background Thread 1 ] DEBUG FXGLApplication      - Loading default localization
18:51:16.371 [FXGL Background Thread 1 ] DEBUG FXGLAssetLoaderServi - Loading from file system: jar:file:/C:/Users/%d0%9f%d0%90%d0%91%d0%9b%d0%9e/.m2/repository/com/github/almasb/fxgl/21.1/fxgl-21.1.jar!/fxglassets/languages/english.lang
18:51:16.387 [FXGL Background Thread 1 ] INFO  FXGLApplication      - FXGL initialization took: 0,378 sec
18:51:16.389 [JavaFX Application Thread] DEBUG FXGLAssetLoaderServi - Loading from file system: jar:file:/C:/Users/%d0%9f%d0%90%d0%91%d0%9b%d0%9e/.m2/repository/com/github/almasb/fxgl/21.1/fxgl-21.1.jar!/fxglassets/textures/fxgl_icon.png
18:51:16.402 [FXGL Background Thread 4 ] DEBUG FXGLAssetLoaderServi - Loading from file system: jar:file:/C:/Users/%d0%9f%d0%90%d0%91%d0%9b%d0%9e/.m2/repository/com/github/almasb/fxgl/21.1/fxgl-21.1.jar!/fxglassets/ui/fonts/Abel-Regular.ttf
18:51:16.405 [JavaFX Application Thread] DEBUG FXGLAssetLoaderServi - Loading from file system: jar:file:/C:/Users/%d0%9f%d0%90%d0%91%d0%9b%d0%9e/.m2/repository/com/github/almasb/fxgl/21.1/fxgl-21.1.jar!/fxglassets/textures/fxgl_default_cursor.png
18:51:16.412 [FXGL Background Thread 4 ] DEBUG FXGLAssetLoaderServi - Loading from file system: jar:file:/C:/Users/%d0%9f%d0%90%d0%91%d0%9b%d0%9e/.m2/repository/com/github/almasb/fxgl/21.1/fxgl-21.1.jar!/fxglassets/ui/fonts/TerminalLandMono-Regular.otf
18:51:16.416 [JavaFX Application Thread] DEBUG Input                - Registered new binding: Screenshot - CTRL+8
18:51:16.417 [JavaFX Application Thread] DEBUG Input                - Registered new binding: System info dump - CTRL+9
18:51:16.417 [JavaFX Application Thread] DEBUG Input                - Registered new binding: Restart - CTRL+R
18:51:16.418 [JavaFX Application Thread] DEBUG Input                - Registered new binding: Toggle Debug Camera - CTRL+7
18:51:16.420 [JavaFX Application Thread] DEBUG LoopRunner           - Starting loop
18:51:16.420 [JavaFX Application Thread] DEBUG LoopRunner           - Initializing JavaFX AnimationTimerLoop
18:51:16.421 [JavaFX Application Thread] DEBUG GameApplicationServi - Starting new game
18:51:16.421 [FXGL Background Thread 4 ] DEBUG FXGLAssetLoaderServi - Loading from file system: jar:file:/C:/Users/%d0%9f%d0%90%d0%91%d0%9b%d0%9e/.m2/repository/com/github/almasb/fxgl/21.1/fxgl-21.1.jar!/fxglassets/ui/fonts/Courier-Prime.ttf
18:51:16.422 [JavaFX Application Thread] DEBUG Input                - Clearing active input actions
18:51:16.429 [JavaFX Application Thread] DEBUG GameApplicationServi - Removing overlay from FXGLStartupScene and adding to FXGLLoadingScene
18:51:16.429 [JavaFX Application Thread] DEBUG PrimaryStageWindow   - FXGLStartupScene -> FXGLLoadingScene
18:51:16.429 [JavaFX Application Thread] DEBUG GameApplicationServi - Clearing previous game
18:51:16.431 [JavaFX Application Thread] DEBUG GameScene            - Clearing game scene
18:51:16.431 [JavaFX Application Thread] DEBUG GameWorld            - Clearing game world
18:51:16.431 [JavaFX Application Thread] DEBUG PhysicsWorld         - Clearing physics world
18:51:16.432 [FXGL Background Thread 1 ] DEBUG FXGLApplication      - Initializing game
18:51:16.433 [FXGL Background Thread 1 ] INFO  FXGLApplication      - Game initialization took: 0,001 sec
18:51:16.469 [JavaFX Application Thread] DEBUG FXGLApplication      - Registering font factories with UI factory
18:51:16.471 [JavaFX Application Thread] DEBUG Input                - Clearing active input actions
18:51:16.477 [JavaFX Application Thread] DEBUG GameApplicationServi - Removing overlay from FXGLLoadingScene and adding to GameScene
18:51:16.477 [JavaFX Application Thread] DEBUG PrimaryStageWindow   - FXGLLoadingScene -> GameScene
18:51:18.188 [JavaFX Application Thread] DEBUG FXGLApplication      - Exiting FXGL
18:51:18.189 [JavaFX Application Thread] DEBUG LoopRunner           - Stopping loop
18:51:18.189 [JavaFX Application Thread] DEBUG SystemBundleService  - Saving FXGL system data
18:51:18.191 [JavaFX Application Thread] DEBUG FileSystemAccess     - Writing to: C:\Users\ПАБЛО\eclipse-workspace\Sisyphus\system\fxgl.bundle
18:51:18.192 [JavaFX Application Thread] DEBUG Async                - Shutting down background threads
18:51:18.193 [JavaFX Application Thread] DEBUG PrimaryStageWindow   - Closing main window
18:51:18.201 [JavaFX Application Thread] DEBUG Logger               - Closing Logger
