Oct 12, 2024 10:21:14 PM de.gurkenlabs.utiliti.components.Editor load
SEVERE: gameFile /home/cheese/Projects/sisyphus/app/maps/test does not exist
Oct 12, 2024 10:24:03 PM de.gurkenlabs.litiengine.environment.tilemap.xml.TmxMap checkVersion
WARNING: Tiled version 1.2.3 of map "null" is less than the supported version 1.5.x. Some features may not work.
Oct 12, 2024 10:24:03 PM de.gurkenlabs.litiengine.environment.MapObjectLoader loadCustomMapObjectProperties
WARNING: entity #{}: value {} for custom property {} could not be set
Oct 12, 2024 10:24:03 PM de.gurkenlabs.litiengine.DefaultUncaughtExceptionHandler uncaughtException
SEVERE: Game crashed! :(
java.lang.IllegalArgumentException: can't parse argument number: 
	at java.base/java.text.MessageFormat.makeFormat(Unknown Source)
	at java.base/java.text.MessageFormat.applyPattern(Unknown Source)
	at java.base/java.text.MessageFormat.<init>(Unknown Source)
	at java.base/java.text.MessageFormat.format(Unknown Source)
	at de.gurkenlabs.utiliti.swing.LogHandler.publish(LogHandler.java:39)
	at java.logging/java.util.logging.Logger.log(Unknown Source)
	at java.logging/java.util.logging.Logger.doLog(Unknown Source)
	at java.logging/java.util.logging.Logger.log(Unknown Source)
	at de.gurkenlabs.litiengine.environment.MapObjectLoader.loadCustomMapObjectProperties(MapObjectLoader.java:116)
	at de.gurkenlabs.litiengine.environment.MapObjectLoader.loadDefaultProperties(MapObjectLoader.java:77)
	at de.gurkenlabs.litiengine.environment.CreatureMapObjectLoader.load(CreatureMapObjectLoader.java:71)
	at de.gurkenlabs.litiengine.environment.Environment.load(Environment.java:1844)
	at de.gurkenlabs.litiengine.environment.Environment.loadMapObjects(Environment.java:2332)
	at de.gurkenlabs.litiengine.environment.Environment.init(Environment.java:1741)
	at de.gurkenlabs.utiliti.components.MapComponent.loadEnvironment(MapComponent.java:324)
	at de.gurkenlabs.utiliti.components.MapComponent.lambda$importMap$8(MapComponent.java:818)
	at de.gurkenlabs.utiliti.swing.dialogs.XmlImportDialog.importXml(XmlImportDialog.java:30)
	at de.gurkenlabs.utiliti.components.MapComponent.importMap(MapComponent.java:754)
	at de.gurkenlabs.utiliti.swing.menus.MapMenu.lambda$new$0(MapMenu.java:29)
	at java.desktop/javax.swing.AbstractButton.fireActionPerformed(Unknown Source)
	at java.desktop/javax.swing.AbstractButton$Handler.actionPerformed(Unknown Source)
	at java.desktop/javax.swing.DefaultButtonModel.fireActionPerformed(Unknown Source)
	at java.desktop/javax.swing.DefaultButtonModel.setPressed(Unknown Source)
	at java.desktop/javax.swing.AbstractButton.doClick(Unknown Source)
	at com.github.weisj.darklaf.ui.menu.DarkMenuItemUIBase.doClick(DarkMenuItemUIBase.java:165)
	at java.desktop/javax.swing.plaf.basic.BasicMenuItemUI$Handler.mouseReleased(Unknown Source)
	at java.desktop/java.awt.Component.processMouseEvent(Unknown Source)
	at java.desktop/javax.swing.JComponent.processMouseEvent(Unknown Source)
	at java.desktop/java.awt.Component.processEvent(Unknown Source)
	at java.desktop/java.awt.Container.processEvent(Unknown Source)
	at java.desktop/java.awt.Component.dispatchEventImpl(Unknown Source)
	at java.desktop/java.awt.Container.dispatchEventImpl(Unknown Source)
	at java.desktop/java.awt.Component.dispatchEvent(Unknown Source)
	at java.desktop/java.awt.LightweightDispatcher.retargetMouseEvent(Unknown Source)
	at java.desktop/java.awt.LightweightDispatcher.processMouseEvent(Unknown Source)
	at java.desktop/java.awt.LightweightDispatcher.dispatchEvent(Unknown Source)
	at java.desktop/java.awt.Container.dispatchEventImpl(Unknown Source)
	at java.desktop/java.awt.Window.dispatchEventImpl(Unknown Source)
	at java.desktop/java.awt.Component.dispatchEvent(Unknown Source)
	at java.desktop/java.awt.EventQueue.dispatchEventImpl(Unknown Source)
	at java.desktop/java.awt.EventQueue$4.run(Unknown Source)
	at java.desktop/java.awt.EventQueue$4.run(Unknown Source)
	at java.base/java.security.AccessController.doPrivileged(Unknown Source)
	at java.base/java.security.ProtectionDomain$JavaSecurityAccessImpl.doIntersectionPrivilege(Unknown Source)
	at java.base/java.security.ProtectionDomain$JavaSecurityAccessImpl.doIntersectionPrivilege(Unknown Source)
	at java.desktop/java.awt.EventQueue$5.run(Unknown Source)
	at java.desktop/java.awt.EventQueue$5.run(Unknown Source)
	at java.base/java.security.AccessController.doPrivileged(Unknown Source)
	at java.base/java.security.ProtectionDomain$JavaSecurityAccessImpl.doIntersectionPrivilege(Unknown Source)
	at java.desktop/java.awt.EventQueue.dispatchEvent(Unknown Source)
	at java.desktop/java.awt.EventDispatchThread.pumpOneEventForFilters(Unknown Source)
	at java.desktop/java.awt.EventDispatchThread.pumpEventsForFilter(Unknown Source)
	at java.desktop/java.awt.EventDispatchThread.pumpEventsForHierarchy(Unknown Source)
	at java.desktop/java.awt.EventDispatchThread.pumpEvents(Unknown Source)
	at java.desktop/java.awt.EventDispatchThread.pumpEvents(Unknown Source)
	at java.desktop/java.awt.EventDispatchThread.run(Unknown Source)
Caused by: java.lang.NumberFormatException: For input string: ""
	at java.base/java.lang.NumberFormatException.forInputString(Unknown Source)
	at java.base/java.lang.Integer.parseInt(Unknown Source)
	at java.base/java.lang.Integer.parseInt(Unknown Source)
	... 56 more

Oct 12, 2024 10:24:05 PM de.gurkenlabs.litiengine.environment.MapObjectLoader loadCustomMapObjectProperties
WARNING: entity #{}: value {} for custom property {} could not be set
Oct 12, 2024 10:24:05 PM de.gurkenlabs.litiengine.DefaultUncaughtExceptionHandler uncaughtException
SEVERE: Game crashed! :(
java.lang.IllegalArgumentException: can't parse argument number: 
	at java.base/java.text.MessageFormat.makeFormat(Unknown Source)
	at java.base/java.text.MessageFormat.applyPattern(Unknown Source)
	at java.base/java.text.MessageFormat.<init>(Unknown Source)
	at java.base/java.text.MessageFormat.format(Unknown Source)
	at de.gurkenlabs.utiliti.swing.LogHandler.publish(LogHandler.java:39)
	at java.logging/java.util.logging.Logger.log(Unknown Source)
	at java.logging/java.util.logging.Logger.doLog(Unknown Source)
	at java.logging/java.util.logging.Logger.log(Unknown Source)
	at de.gurkenlabs.litiengine.environment.MapObjectLoader.loadCustomMapObjectProperties(MapObjectLoader.java:116)
	at de.gurkenlabs.litiengine.environment.MapObjectLoader.loadDefaultProperties(MapObjectLoader.java:77)
	at de.gurkenlabs.litiengine.environment.CreatureMapObjectLoader.load(CreatureMapObjectLoader.java:71)
	at de.gurkenlabs.litiengine.environment.Environment.load(Environment.java:1844)
	at de.gurkenlabs.litiengine.environment.Environment.loadMapObjects(Environment.java:2332)
	at de.gurkenlabs.litiengine.environment.Environment.init(Environment.java:1741)
	at de.gurkenlabs.utiliti.components.MapComponent.loadEnvironment(MapComponent.java:324)
	at de.gurkenlabs.utiliti.swing.controllers.MapList.lambda$new$1(MapList.java:58)
	at java.desktop/javax.swing.DefaultListSelectionModel.fireValueChanged(Unknown Source)
	at java.desktop/javax.swing.DefaultListSelectionModel.fireValueChanged(Unknown Source)
	at java.desktop/javax.swing.DefaultListSelectionModel.fireValueChanged(Unknown Source)
	at java.desktop/javax.swing.DefaultListSelectionModel.changeSelection(Unknown Source)
	at java.desktop/javax.swing.DefaultListSelectionModel.changeSelection(Unknown Source)
	at java.desktop/javax.swing.DefaultListSelectionModel.setSelectionInterval(Unknown Source)
	at java.desktop/javax.swing.JList.setSelectionInterval(Unknown Source)
	at com.github.weisj.darklaf.ui.list.DarkListUI$DarkHandler.adjustSelection(DarkListUI.java:257)
	at com.github.weisj.darklaf.ui.list.DarkListUIBridge$Handler.mousePressed(DarkListUIBridge.java:2545)
	at java.desktop/java.awt.AWTEventMulticaster.mousePressed(Unknown Source)
	at java.desktop/java.awt.Component.processMouseEvent(Unknown Source)
	at java.desktop/javax.swing.JComponent.processMouseEvent(Unknown Source)
	at java.desktop/java.awt.Component.processEvent(Unknown Source)
	at java.desktop/java.awt.Container.processEvent(Unknown Source)
	at java.desktop/java.awt.Component.dispatchEventImpl(Unknown Source)
	at java.desktop/java.awt.Container.dispatchEventImpl(Unknown Source)
	at java.desktop/java.awt.Component.dispatchEvent(Unknown Source)
	at java.desktop/java.awt.LightweightDispatcher.retargetMouseEvent(Unknown Source)
	at java.desktop/java.awt.LightweightDispatcher.processMouseEvent(Unknown Source)
	at java.desktop/java.awt.LightweightDispatcher.dispatchEvent(Unknown Source)
	at java.desktop/java.awt.Container.dispatchEventImpl(Unknown Source)
	at java.desktop/java.awt.Window.dispatchEventImpl(Unknown Source)
	at java.desktop/java.awt.Component.dispatchEvent(Unknown Source)
	at java.desktop/java.awt.EventQueue.dispatchEventImpl(Unknown Source)
	at java.desktop/java.awt.EventQueue$4.run(Unknown Source)
	at java.desktop/java.awt.EventQueue$4.run(Unknown Source)
	at java.base/java.security.AccessController.doPrivileged(Unknown Source)
	at java.base/java.security.ProtectionDomain$JavaSecurityAccessImpl.doIntersectionPrivilege(Unknown Source)
	at java.base/java.security.ProtectionDomain$JavaSecurityAccessImpl.doIntersectionPrivilege(Unknown Source)
	at java.desktop/java.awt.EventQueue$5.run(Unknown Source)
	at java.desktop/java.awt.EventQueue$5.run(Unknown Source)
	at java.base/java.security.AccessController.doPrivileged(Unknown Source)
	at java.base/java.security.ProtectionDomain$JavaSecurityAccessImpl.doIntersectionPrivilege(Unknown Source)
	at java.desktop/java.awt.EventQueue.dispatchEvent(Unknown Source)
	at java.desktop/java.awt.EventDispatchThread.pumpOneEventForFilters(Unknown Source)
	at java.desktop/java.awt.EventDispatchThread.pumpEventsForFilter(Unknown Source)
	at java.desktop/java.awt.EventDispatchThread.pumpEventsForHierarchy(Unknown Source)
	at java.desktop/java.awt.EventDispatchThread.pumpEvents(Unknown Source)
	at java.desktop/java.awt.EventDispatchThread.pumpEvents(Unknown Source)
	at java.desktop/java.awt.EventDispatchThread.run(Unknown Source)
Caused by: java.lang.NumberFormatException: For input string: ""
	at java.base/java.lang.NumberFormatException.forInputString(Unknown Source)
	at java.base/java.lang.Integer.parseInt(Unknown Source)
	at java.base/java.lang.Integer.parseInt(Unknown Source)
	... 56 more

Oct 12, 2024 10:24:05 PM de.gurkenlabs.litiengine.environment.MapObjectLoader loadCustomMapObjectProperties
WARNING: entity #{}: value {} for custom property {} could not be set
Oct 12, 2024 10:24:05 PM de.gurkenlabs.litiengine.DefaultUncaughtExceptionHandler uncaughtException
SEVERE: Game crashed! :(
java.lang.IllegalArgumentException: can't parse argument number: 
	at java.base/java.text.MessageFormat.makeFormat(Unknown Source)
	at java.base/java.text.MessageFormat.applyPattern(Unknown Source)
	at java.base/java.text.MessageFormat.<init>(Unknown Source)
	at java.base/java.text.MessageFormat.format(Unknown Source)
	at de.gurkenlabs.utiliti.swing.LogHandler.publish(LogHandler.java:39)
	at java.logging/java.util.logging.Logger.log(Unknown Source)
	at java.logging/java.util.logging.Logger.doLog(Unknown Source)
	at java.logging/java.util.logging.Logger.log(Unknown Source)
	at de.gurkenlabs.litiengine.environment.MapObjectLoader.loadCustomMapObjectProperties(MapObjectLoader.java:116)
	at de.gurkenlabs.litiengine.environment.MapObjectLoader.loadDefaultProperties(MapObjectLoader.java:77)
	at de.gurkenlabs.litiengine.environment.CreatureMapObjectLoader.load(CreatureMapObjectLoader.java:71)
	at de.gurkenlabs.litiengine.environment.Environment.load(Environment.java:1844)
	at de.gurkenlabs.litiengine.environment.Environment.loadMapObjects(Environment.java:2332)
	at de.gurkenlabs.litiengine.environment.Environment.init(Environment.java:1741)
	at de.gurkenlabs.utiliti.components.MapComponent.loadEnvironment(MapComponent.java:324)
	at de.gurkenlabs.utiliti.swing.controllers.MapList.lambda$new$1(MapList.java:58)
	at java.desktop/javax.swing.DefaultListSelectionModel.fireValueChanged(Unknown Source)
	at java.desktop/javax.swing.DefaultListSelectionModel.fireValueChanged(Unknown Source)
	at java.desktop/javax.swing.DefaultListSelectionModel.setValueIsAdjusting(Unknown Source)
	at java.desktop/javax.swing.JList.setValueIsAdjusting(Unknown Source)
	at com.github.weisj.darklaf.ui.list.DarkListUIBridge$Handler.mouseReleased(DarkListUIBridge.java:2611)
	at java.desktop/java.awt.AWTEventMulticaster.mouseReleased(Unknown Source)
	at java.desktop/java.awt.Component.processMouseEvent(Unknown Source)
	at java.desktop/javax.swing.JComponent.processMouseEvent(Unknown Source)
	at java.desktop/java.awt.Component.processEvent(Unknown Source)
	at java.desktop/java.awt.Container.processEvent(Unknown Source)
	at java.desktop/java.awt.Component.dispatchEventImpl(Unknown Source)
	at java.desktop/java.awt.Container.dispatchEventImpl(Unknown Source)
	at java.desktop/java.awt.Component.dispatchEvent(Unknown Source)
	at java.desktop/java.awt.LightweightDispatcher.retargetMouseEvent(Unknown Source)
	at java.desktop/java.awt.LightweightDispatcher.processMouseEvent(Unknown Source)
	at java.desktop/java.awt.LightweightDispatcher.dispatchEvent(Unknown Source)
	at java.desktop/java.awt.Container.dispatchEventImpl(Unknown Source)
	at java.desktop/java.awt.Window.dispatchEventImpl(Unknown Source)
	at java.desktop/java.awt.Component.dispatchEvent(Unknown Source)
	at java.desktop/java.awt.EventQueue.dispatchEventImpl(Unknown Source)
	at java.desktop/java.awt.EventQueue$4.run(Unknown Source)
	at java.desktop/java.awt.EventQueue$4.run(Unknown Source)
	at java.base/java.security.AccessController.doPrivileged(Unknown Source)
	at java.base/java.security.ProtectionDomain$JavaSecurityAccessImpl.doIntersectionPrivilege(Unknown Source)
	at java.base/java.security.ProtectionDomain$JavaSecurityAccessImpl.doIntersectionPrivilege(Unknown Source)
	at java.desktop/java.awt.EventQueue$5.run(Unknown Source)
	at java.desktop/java.awt.EventQueue$5.run(Unknown Source)
	at java.base/java.security.AccessController.doPrivileged(Unknown Source)
	at java.base/java.security.ProtectionDomain$JavaSecurityAccessImpl.doIntersectionPrivilege(Unknown Source)
	at java.desktop/java.awt.EventQueue.dispatchEvent(Unknown Source)
	at java.desktop/java.awt.EventDispatchThread.pumpOneEventForFilters(Unknown Source)
	at java.desktop/java.awt.EventDispatchThread.pumpEventsForFilter(Unknown Source)
	at java.desktop/java.awt.EventDispatchThread.pumpEventsForHierarchy(Unknown Source)
	at java.desktop/java.awt.EventDispatchThread.pumpEvents(Unknown Source)
	at java.desktop/java.awt.EventDispatchThread.pumpEvents(Unknown Source)
	at java.desktop/java.awt.EventDispatchThread.run(Unknown Source)
Caused by: java.lang.NumberFormatException: For input string: ""
	at java.base/java.lang.NumberFormatException.forInputString(Unknown Source)
	at java.base/java.lang.Integer.parseInt(Unknown Source)
	at java.base/java.lang.Integer.parseInt(Unknown Source)
	... 52 more

Oct 12, 2024 10:25:38 PM de.gurkenlabs.litiengine.environment.tilemap.xml.TmxMap checkVersion
WARNING: Tiled version 1.11.0 of map "null" is greater than the supported version 1.10.x. Some features may not work.
Oct 12, 2024 10:25:38 PM de.gurkenlabs.litiengine.environment.MapObjectLoader loadCustomMapObjectProperties
WARNING: entity #{}: value {} for custom property {} could not be set
Oct 12, 2024 10:25:38 PM de.gurkenlabs.litiengine.DefaultUncaughtExceptionHandler uncaughtException
SEVERE: Game crashed! :(
java.lang.IllegalArgumentException: can't parse argument number: 
	at java.base/java.text.MessageFormat.makeFormat(Unknown Source)
	at java.base/java.text.MessageFormat.applyPattern(Unknown Source)
	at java.base/java.text.MessageFormat.<init>(Unknown Source)
	at java.base/java.text.MessageFormat.format(Unknown Source)
	at de.gurkenlabs.utiliti.swing.LogHandler.publish(LogHandler.java:39)
	at java.logging/java.util.logging.Logger.log(Unknown Source)
	at java.logging/java.util.logging.Logger.doLog(Unknown Source)
	at java.logging/java.util.logging.Logger.log(Unknown Source)
	at de.gurkenlabs.litiengine.environment.MapObjectLoader.loadCustomMapObjectProperties(MapObjectLoader.java:116)
	at de.gurkenlabs.litiengine.environment.MapObjectLoader.loadDefaultProperties(MapObjectLoader.java:77)
	at de.gurkenlabs.litiengine.environment.CreatureMapObjectLoader.load(CreatureMapObjectLoader.java:71)
	at de.gurkenlabs.litiengine.environment.Environment.load(Environment.java:1844)
	at de.gurkenlabs.litiengine.environment.Environment.loadMapObjects(Environment.java:2332)
	at de.gurkenlabs.litiengine.environment.Environment.init(Environment.java:1741)
	at de.gurkenlabs.utiliti.components.MapComponent.loadEnvironment(MapComponent.java:324)
	at de.gurkenlabs.utiliti.components.MapComponent.lambda$importMap$8(MapComponent.java:818)
	at de.gurkenlabs.utiliti.swing.dialogs.XmlImportDialog.importXml(XmlImportDialog.java:30)
	at de.gurkenlabs.utiliti.components.MapComponent.importMap(MapComponent.java:754)
	at de.gurkenlabs.utiliti.swing.menus.MapMenu.lambda$new$0(MapMenu.java:29)
	at java.desktop/javax.swing.AbstractButton.fireActionPerformed(Unknown Source)
	at java.desktop/javax.swing.AbstractButton$Handler.actionPerformed(Unknown Source)
	at java.desktop/javax.swing.DefaultButtonModel.fireActionPerformed(Unknown Source)
	at java.desktop/javax.swing.DefaultButtonModel.setPressed(Unknown Source)
	at java.desktop/javax.swing.AbstractButton.doClick(Unknown Source)
	at com.github.weisj.darklaf.ui.menu.DarkMenuItemUIBase.doClick(DarkMenuItemUIBase.java:165)
	at java.desktop/javax.swing.plaf.basic.BasicMenuItemUI$Handler.mouseReleased(Unknown Source)
	at java.desktop/java.awt.Component.processMouseEvent(Unknown Source)
	at java.desktop/javax.swing.JComponent.processMouseEvent(Unknown Source)
	at java.desktop/java.awt.Component.processEvent(Unknown Source)
	at java.desktop/java.awt.Container.processEvent(Unknown Source)
	at java.desktop/java.awt.Component.dispatchEventImpl(Unknown Source)
	at java.desktop/java.awt.Container.dispatchEventImpl(Unknown Source)
	at java.desktop/java.awt.Component.dispatchEvent(Unknown Source)
	at java.desktop/java.awt.LightweightDispatcher.retargetMouseEvent(Unknown Source)
	at java.desktop/java.awt.LightweightDispatcher.processMouseEvent(Unknown Source)
	at java.desktop/java.awt.LightweightDispatcher.dispatchEvent(Unknown Source)
	at java.desktop/java.awt.Container.dispatchEventImpl(Unknown Source)
	at java.desktop/java.awt.Window.dispatchEventImpl(Unknown Source)
	at java.desktop/java.awt.Component.dispatchEvent(Unknown Source)
	at java.desktop/java.awt.EventQueue.dispatchEventImpl(Unknown Source)
	at java.desktop/java.awt.EventQueue$4.run(Unknown Source)
	at java.desktop/java.awt.EventQueue$4.run(Unknown Source)
	at java.base/java.security.AccessController.doPrivileged(Unknown Source)
	at java.base/java.security.ProtectionDomain$JavaSecurityAccessImpl.doIntersectionPrivilege(Unknown Source)
	at java.base/java.security.ProtectionDomain$JavaSecurityAccessImpl.doIntersectionPrivilege(Unknown Source)
	at java.desktop/java.awt.EventQueue$5.run(Unknown Source)
	at java.desktop/java.awt.EventQueue$5.run(Unknown Source)
	at java.base/java.security.AccessController.doPrivileged(Unknown Source)
	at java.base/java.security.ProtectionDomain$JavaSecurityAccessImpl.doIntersectionPrivilege(Unknown Source)
	at java.desktop/java.awt.EventQueue.dispatchEvent(Unknown Source)
	at java.desktop/java.awt.EventDispatchThread.pumpOneEventForFilters(Unknown Source)
	at java.desktop/java.awt.EventDispatchThread.pumpEventsForFilter(Unknown Source)
	at java.desktop/java.awt.EventDispatchThread.pumpEventsForHierarchy(Unknown Source)
	at java.desktop/java.awt.EventDispatchThread.pumpEvents(Unknown Source)
	at java.desktop/java.awt.EventDispatchThread.pumpEvents(Unknown Source)
	at java.desktop/java.awt.EventDispatchThread.run(Unknown Source)
Caused by: java.lang.NumberFormatException: For input string: ""
	at java.base/java.lang.NumberFormatException.forInputString(Unknown Source)
	at java.base/java.lang.Integer.parseInt(Unknown Source)
	at java.base/java.lang.Integer.parseInt(Unknown Source)
	... 56 more

Oct 12, 2024 10:27:47 PM de.gurkenlabs.litiengine.environment.tilemap.xml.TmxMap checkVersion
WARNING: Tiled version 1.11.0 of map "null" is greater than the supported version 1.10.x. Some features may not work.
Oct 12, 2024 11:00:47 PM de.gurkenlabs.litiengine.environment.tilemap.xml.TmxMap checkVersion
WARNING: Tiled version 1.11.0 of map "null" is greater than the supported version 1.10.x. Some features may not work.
Oct 12, 2024 11:10:48 PM de.gurkenlabs.litiengine.environment.MapObjectLoader loadCustomMapObjectProperties
WARNING: entity #{}: value {} for custom property {} could not be set
Oct 12, 2024 11:10:48 PM de.gurkenlabs.litiengine.DefaultUncaughtExceptionHandler uncaughtException
SEVERE: Game crashed! :(
java.lang.IllegalArgumentException: can't parse argument number: 
	at java.base/java.text.MessageFormat.makeFormat(Unknown Source)
	at java.base/java.text.MessageFormat.applyPattern(Unknown Source)
	at java.base/java.text.MessageFormat.<init>(Unknown Source)
	at java.base/java.text.MessageFormat.format(Unknown Source)
	at de.gurkenlabs.utiliti.swing.LogHandler.publish(LogHandler.java:39)
	at java.logging/java.util.logging.Logger.log(Unknown Source)
	at java.logging/java.util.logging.Logger.doLog(Unknown Source)
	at java.logging/java.util.logging.Logger.log(Unknown Source)
	at de.gurkenlabs.litiengine.environment.MapObjectLoader.loadCustomMapObjectProperties(MapObjectLoader.java:116)
	at de.gurkenlabs.litiengine.environment.MapObjectLoader.loadDefaultProperties(MapObjectLoader.java:77)
	at de.gurkenlabs.litiengine.environment.CreatureMapObjectLoader.load(CreatureMapObjectLoader.java:71)
	at de.gurkenlabs.litiengine.environment.Environment.load(Environment.java:1844)
	at de.gurkenlabs.litiengine.environment.Environment.loadMapObjects(Environment.java:2332)
	at de.gurkenlabs.litiengine.environment.Environment.init(Environment.java:1741)
	at de.gurkenlabs.utiliti.components.MapComponent.loadEnvironment(MapComponent.java:324)
	at de.gurkenlabs.utiliti.swing.controllers.MapList.lambda$new$1(MapList.java:58)
	at java.desktop/javax.swing.DefaultListSelectionModel.fireValueChanged(Unknown Source)
	at java.desktop/javax.swing.DefaultListSelectionModel.fireValueChanged(Unknown Source)
	at java.desktop/javax.swing.DefaultListSelectionModel.fireValueChanged(Unknown Source)
	at java.desktop/javax.swing.DefaultListSelectionModel.changeSelection(Unknown Source)
	at java.desktop/javax.swing.DefaultListSelectionModel.changeSelection(Unknown Source)
	at java.desktop/javax.swing.DefaultListSelectionModel.setSelectionInterval(Unknown Source)
	at java.desktop/javax.swing.JList.setSelectionInterval(Unknown Source)
	at com.github.weisj.darklaf.ui.list.DarkListUI$DarkHandler.adjustSelection(DarkListUI.java:257)
	at com.github.weisj.darklaf.ui.list.DarkListUIBridge$Handler.mousePressed(DarkListUIBridge.java:2545)
	at java.desktop/java.awt.AWTEventMulticaster.mousePressed(Unknown Source)
	at java.desktop/java.awt.Component.processMouseEvent(Unknown Source)
	at java.desktop/javax.swing.JComponent.processMouseEvent(Unknown Source)
	at java.desktop/java.awt.Component.processEvent(Unknown Source)
	at java.desktop/java.awt.Container.processEvent(Unknown Source)
	at java.desktop/java.awt.Component.dispatchEventImpl(Unknown Source)
	at java.desktop/java.awt.Container.dispatchEventImpl(Unknown Source)
	at java.desktop/java.awt.Component.dispatchEvent(Unknown Source)
	at java.desktop/java.awt.LightweightDispatcher.retargetMouseEvent(Unknown Source)
	at java.desktop/java.awt.LightweightDispatcher.processMouseEvent(Unknown Source)
	at java.desktop/java.awt.LightweightDispatcher.dispatchEvent(Unknown Source)
	at java.desktop/java.awt.Container.dispatchEventImpl(Unknown Source)
	at java.desktop/java.awt.Window.dispatchEventImpl(Unknown Source)
	at java.desktop/java.awt.Component.dispatchEvent(Unknown Source)
	at java.desktop/java.awt.EventQueue.dispatchEventImpl(Unknown Source)
	at java.desktop/java.awt.EventQueue$4.run(Unknown Source)
	at java.desktop/java.awt.EventQueue$4.run(Unknown Source)
	at java.base/java.security.AccessController.doPrivileged(Unknown Source)
	at java.base/java.security.ProtectionDomain$JavaSecurityAccessImpl.doIntersectionPrivilege(Unknown Source)
	at java.base/java.security.ProtectionDomain$JavaSecurityAccessImpl.doIntersectionPrivilege(Unknown Source)
	at java.desktop/java.awt.EventQueue$5.run(Unknown Source)
	at java.desktop/java.awt.EventQueue$5.run(Unknown Source)
	at java.base/java.security.AccessController.doPrivileged(Unknown Source)
	at java.base/java.security.ProtectionDomain$JavaSecurityAccessImpl.doIntersectionPrivilege(Unknown Source)
	at java.desktop/java.awt.EventQueue.dispatchEvent(Unknown Source)
	at java.desktop/java.awt.EventDispatchThread.pumpOneEventForFilters(Unknown Source)
	at java.desktop/java.awt.EventDispatchThread.pumpEventsForFilter(Unknown Source)
	at java.desktop/java.awt.EventDispatchThread.pumpEventsForHierarchy(Unknown Source)
	at java.desktop/java.awt.EventDispatchThread.pumpEvents(Unknown Source)
	at java.desktop/java.awt.EventDispatchThread.pumpEvents(Unknown Source)
	at java.desktop/java.awt.EventDispatchThread.run(Unknown Source)
Caused by: java.lang.NumberFormatException: For input string: ""
	at java.base/java.lang.NumberFormatException.forInputString(Unknown Source)
	at java.base/java.lang.Integer.parseInt(Unknown Source)
	at java.base/java.lang.Integer.parseInt(Unknown Source)
	... 56 more

Oct 12, 2024 11:10:49 PM de.gurkenlabs.litiengine.environment.MapObjectLoader loadCustomMapObjectProperties
WARNING: entity #{}: value {} for custom property {} could not be set
Oct 12, 2024 11:10:49 PM de.gurkenlabs.litiengine.DefaultUncaughtExceptionHandler uncaughtException
SEVERE: Game crashed! :(
java.lang.IllegalArgumentException: can't parse argument number: 
	at java.base/java.text.MessageFormat.makeFormat(Unknown Source)
	at java.base/java.text.MessageFormat.applyPattern(Unknown Source)
	at java.base/java.text.MessageFormat.<init>(Unknown Source)
	at java.base/java.text.MessageFormat.format(Unknown Source)
	at de.gurkenlabs.utiliti.swing.LogHandler.publish(LogHandler.java:39)
	at java.logging/java.util.logging.Logger.log(Unknown Source)
	at java.logging/java.util.logging.Logger.doLog(Unknown Source)
	at java.logging/java.util.logging.Logger.log(Unknown Source)
	at de.gurkenlabs.litiengine.environment.MapObjectLoader.loadCustomMapObjectProperties(MapObjectLoader.java:116)
	at de.gurkenlabs.litiengine.environment.MapObjectLoader.loadDefaultProperties(MapObjectLoader.java:77)
	at de.gurkenlabs.litiengine.environment.CreatureMapObjectLoader.load(CreatureMapObjectLoader.java:71)
	at de.gurkenlabs.litiengine.environment.Environment.load(Environment.java:1844)
	at de.gurkenlabs.litiengine.environment.Environment.loadMapObjects(Environment.java:2332)
	at de.gurkenlabs.litiengine.environment.Environment.init(Environment.java:1741)
	at de.gurkenlabs.utiliti.components.MapComponent.loadEnvironment(MapComponent.java:324)
	at de.gurkenlabs.utiliti.swing.controllers.MapList.lambda$new$1(MapList.java:58)
	at java.desktop/javax.swing.DefaultListSelectionModel.fireValueChanged(Unknown Source)
	at java.desktop/javax.swing.DefaultListSelectionModel.fireValueChanged(Unknown Source)
	at java.desktop/javax.swing.DefaultListSelectionModel.setValueIsAdjusting(Unknown Source)
	at java.desktop/javax.swing.JList.setValueIsAdjusting(Unknown Source)
	at com.github.weisj.darklaf.ui.list.DarkListUIBridge$Handler.mouseReleased(DarkListUIBridge.java:2611)
	at java.desktop/java.awt.AWTEventMulticaster.mouseReleased(Unknown Source)
	at java.desktop/java.awt.Component.processMouseEvent(Unknown Source)
	at java.desktop/javax.swing.JComponent.processMouseEvent(Unknown Source)
	at java.desktop/java.awt.Component.processEvent(Unknown Source)
	at java.desktop/java.awt.Container.processEvent(Unknown Source)
	at java.desktop/java.awt.Component.dispatchEventImpl(Unknown Source)
	at java.desktop/java.awt.Container.dispatchEventImpl(Unknown Source)
	at java.desktop/java.awt.Component.dispatchEvent(Unknown Source)
	at java.desktop/java.awt.LightweightDispatcher.retargetMouseEvent(Unknown Source)
	at java.desktop/java.awt.LightweightDispatcher.processMouseEvent(Unknown Source)
	at java.desktop/java.awt.LightweightDispatcher.dispatchEvent(Unknown Source)
	at java.desktop/java.awt.Container.dispatchEventImpl(Unknown Source)
	at java.desktop/java.awt.Window.dispatchEventImpl(Unknown Source)
	at java.desktop/java.awt.Component.dispatchEvent(Unknown Source)
	at java.desktop/java.awt.EventQueue.dispatchEventImpl(Unknown Source)
	at java.desktop/java.awt.EventQueue$4.run(Unknown Source)
	at java.desktop/java.awt.EventQueue$4.run(Unknown Source)
	at java.base/java.security.AccessController.doPrivileged(Unknown Source)
	at java.base/java.security.ProtectionDomain$JavaSecurityAccessImpl.doIntersectionPrivilege(Unknown Source)
	at java.base/java.security.ProtectionDomain$JavaSecurityAccessImpl.doIntersectionPrivilege(Unknown Source)
	at java.desktop/java.awt.EventQueue$5.run(Unknown Source)
	at java.desktop/java.awt.EventQueue$5.run(Unknown Source)
	at java.base/java.security.AccessController.doPrivileged(Unknown Source)
	at java.base/java.security.ProtectionDomain$JavaSecurityAccessImpl.doIntersectionPrivilege(Unknown Source)
	at java.desktop/java.awt.EventQueue.dispatchEvent(Unknown Source)
	at java.desktop/java.awt.EventDispatchThread.pumpOneEventForFilters(Unknown Source)
	at java.desktop/java.awt.EventDispatchThread.pumpEventsForFilter(Unknown Source)
	at java.desktop/java.awt.EventDispatchThread.pumpEventsForHierarchy(Unknown Source)
	at java.desktop/java.awt.EventDispatchThread.pumpEvents(Unknown Source)
	at java.desktop/java.awt.EventDispatchThread.pumpEvents(Unknown Source)
	at java.desktop/java.awt.EventDispatchThread.run(Unknown Source)
Caused by: java.lang.NumberFormatException: For input string: ""
	at java.base/java.lang.NumberFormatException.forInputString(Unknown Source)
	at java.base/java.lang.Integer.parseInt(Unknown Source)
	at java.base/java.lang.Integer.parseInt(Unknown Source)
	... 52 more

Oct 12, 2024 11:10:49 PM de.gurkenlabs.litiengine.environment.MapObjectLoader loadCustomMapObjectProperties
WARNING: entity #{}: value {} for custom property {} could not be set
Oct 12, 2024 11:10:49 PM de.gurkenlabs.litiengine.DefaultUncaughtExceptionHandler uncaughtException
SEVERE: Game crashed! :(
java.lang.IllegalArgumentException: can't parse argument number: 
	at java.base/java.text.MessageFormat.makeFormat(Unknown Source)
	at java.base/java.text.MessageFormat.applyPattern(Unknown Source)
	at java.base/java.text.MessageFormat.<init>(Unknown Source)
	at java.base/java.text.MessageFormat.format(Unknown Source)
	at de.gurkenlabs.utiliti.swing.LogHandler.publish(LogHandler.java:39)
	at java.logging/java.util.logging.Logger.log(Unknown Source)
	at java.logging/java.util.logging.Logger.doLog(Unknown Source)
	at java.logging/java.util.logging.Logger.log(Unknown Source)
	at de.gurkenlabs.litiengine.environment.MapObjectLoader.loadCustomMapObjectProperties(MapObjectLoader.java:116)
	at de.gurkenlabs.litiengine.environment.MapObjectLoader.loadDefaultProperties(MapObjectLoader.java:77)
	at de.gurkenlabs.litiengine.environment.CreatureMapObjectLoader.load(CreatureMapObjectLoader.java:71)
	at de.gurkenlabs.litiengine.environment.Environment.load(Environment.java:1844)
	at de.gurkenlabs.litiengine.environment.Environment.loadMapObjects(Environment.java:2332)
	at de.gurkenlabs.litiengine.environment.Environment.init(Environment.java:1741)
	at de.gurkenlabs.utiliti.components.MapComponent.loadEnvironment(MapComponent.java:324)
	at de.gurkenlabs.utiliti.swing.controllers.MapList.lambda$new$1(MapList.java:58)
	at java.desktop/javax.swing.DefaultListSelectionModel.fireValueChanged(Unknown Source)
	at java.desktop/javax.swing.DefaultListSelectionModel.fireValueChanged(Unknown Source)
	at java.desktop/javax.swing.DefaultListSelectionModel.fireValueChanged(Unknown Source)
	at java.desktop/javax.swing.DefaultListSelectionModel.changeSelection(Unknown Source)
	at java.desktop/javax.swing.DefaultListSelectionModel.changeSelection(Unknown Source)
	at java.desktop/javax.swing.DefaultListSelectionModel.setSelectionInterval(Unknown Source)
	at java.desktop/javax.swing.JList.setSelectionInterval(Unknown Source)
	at com.github.weisj.darklaf.ui.list.DarkListUI$DarkHandler.adjustSelection(DarkListUI.java:257)
	at com.github.weisj.darklaf.ui.list.DarkListUIBridge$Handler.mousePressed(DarkListUIBridge.java:2545)
	at java.desktop/java.awt.AWTEventMulticaster.mousePressed(Unknown Source)
	at java.desktop/java.awt.Component.processMouseEvent(Unknown Source)
	at java.desktop/javax.swing.JComponent.processMouseEvent(Unknown Source)
	at java.desktop/java.awt.Component.processEvent(Unknown Source)
	at java.desktop/java.awt.Container.processEvent(Unknown Source)
	at java.desktop/java.awt.Component.dispatchEventImpl(Unknown Source)
	at java.desktop/java.awt.Container.dispatchEventImpl(Unknown Source)
	at java.desktop/java.awt.Component.dispatchEvent(Unknown Source)
	at java.desktop/java.awt.LightweightDispatcher.retargetMouseEvent(Unknown Source)
	at java.desktop/java.awt.LightweightDispatcher.processMouseEvent(Unknown Source)
	at java.desktop/java.awt.LightweightDispatcher.dispatchEvent(Unknown Source)
	at java.desktop/java.awt.Container.dispatchEventImpl(Unknown Source)
	at java.desktop/java.awt.Window.dispatchEventImpl(Unknown Source)
	at java.desktop/java.awt.Component.dispatchEvent(Unknown Source)
	at java.desktop/java.awt.EventQueue.dispatchEventImpl(Unknown Source)
	at java.desktop/java.awt.EventQueue$4.run(Unknown Source)
	at java.desktop/java.awt.EventQueue$4.run(Unknown Source)
	at java.base/java.security.AccessController.doPrivileged(Unknown Source)
	at java.base/java.security.ProtectionDomain$JavaSecurityAccessImpl.doIntersectionPrivilege(Unknown Source)
	at java.base/java.security.ProtectionDomain$JavaSecurityAccessImpl.doIntersectionPrivilege(Unknown Source)
	at java.desktop/java.awt.EventQueue$5.run(Unknown Source)
	at java.desktop/java.awt.EventQueue$5.run(Unknown Source)
	at java.base/java.security.AccessController.doPrivileged(Unknown Source)
	at java.base/java.security.ProtectionDomain$JavaSecurityAccessImpl.doIntersectionPrivilege(Unknown Source)
	at java.desktop/java.awt.EventQueue.dispatchEvent(Unknown Source)
	at java.desktop/java.awt.EventDispatchThread.pumpOneEventForFilters(Unknown Source)
	at java.desktop/java.awt.EventDispatchThread.pumpEventsForFilter(Unknown Source)
	at java.desktop/java.awt.EventDispatchThread.pumpEventsForHierarchy(Unknown Source)
	at java.desktop/java.awt.EventDispatchThread.pumpEvents(Unknown Source)
	at java.desktop/java.awt.EventDispatchThread.pumpEvents(Unknown Source)
	at java.desktop/java.awt.EventDispatchThread.run(Unknown Source)
Caused by: java.lang.NumberFormatException: For input string: ""
	at java.base/java.lang.NumberFormatException.forInputString(Unknown Source)
	at java.base/java.lang.Integer.parseInt(Unknown Source)
	at java.base/java.lang.Integer.parseInt(Unknown Source)
	... 56 more

Oct 12, 2024 11:10:49 PM de.gurkenlabs.litiengine.environment.MapObjectLoader loadCustomMapObjectProperties
WARNING: entity #{}: value {} for custom property {} could not be set
Oct 12, 2024 11:10:49 PM de.gurkenlabs.litiengine.DefaultUncaughtExceptionHandler uncaughtException
SEVERE: Game crashed! :(
java.lang.IllegalArgumentException: can't parse argument number: 
	at java.base/java.text.MessageFormat.makeFormat(Unknown Source)
	at java.base/java.text.MessageFormat.applyPattern(Unknown Source)
	at java.base/java.text.MessageFormat.<init>(Unknown Source)
	at java.base/java.text.MessageFormat.format(Unknown Source)
	at de.gurkenlabs.utiliti.swing.LogHandler.publish(LogHandler.java:39)
	at java.logging/java.util.logging.Logger.log(Unknown Source)
	at java.logging/java.util.logging.Logger.doLog(Unknown Source)
	at java.logging/java.util.logging.Logger.log(Unknown Source)
	at de.gurkenlabs.litiengine.environment.MapObjectLoader.loadCustomMapObjectProperties(MapObjectLoader.java:116)
	at de.gurkenlabs.litiengine.environment.MapObjectLoader.loadDefaultProperties(MapObjectLoader.java:77)
	at de.gurkenlabs.litiengine.environment.CreatureMapObjectLoader.load(CreatureMapObjectLoader.java:71)
	at de.gurkenlabs.litiengine.environment.Environment.load(Environment.java:1844)
	at de.gurkenlabs.litiengine.environment.Environment.loadMapObjects(Environment.java:2332)
	at de.gurkenlabs.litiengine.environment.Environment.init(Environment.java:1741)
	at de.gurkenlabs.utiliti.components.MapComponent.loadEnvironment(MapComponent.java:324)
	at de.gurkenlabs.utiliti.swing.controllers.MapList.lambda$new$1(MapList.java:58)
	at java.desktop/javax.swing.DefaultListSelectionModel.fireValueChanged(Unknown Source)
	at java.desktop/javax.swing.DefaultListSelectionModel.fireValueChanged(Unknown Source)
	at java.desktop/javax.swing.DefaultListSelectionModel.setValueIsAdjusting(Unknown Source)
	at java.desktop/javax.swing.JList.setValueIsAdjusting(Unknown Source)
	at com.github.weisj.darklaf.ui.list.DarkListUIBridge$Handler.mouseReleased(DarkListUIBridge.java:2611)
	at java.desktop/java.awt.AWTEventMulticaster.mouseReleased(Unknown Source)
	at java.desktop/java.awt.Component.processMouseEvent(Unknown Source)
	at java.desktop/javax.swing.JComponent.processMouseEvent(Unknown Source)
	at java.desktop/java.awt.Component.processEvent(Unknown Source)
	at java.desktop/java.awt.Container.processEvent(Unknown Source)
	at java.desktop/java.awt.Component.dispatchEventImpl(Unknown Source)
	at java.desktop/java.awt.Container.dispatchEventImpl(Unknown Source)
	at java.desktop/java.awt.Component.dispatchEvent(Unknown Source)
	at java.desktop/java.awt.LightweightDispatcher.retargetMouseEvent(Unknown Source)
	at java.desktop/java.awt.LightweightDispatcher.processMouseEvent(Unknown Source)
	at java.desktop/java.awt.LightweightDispatcher.dispatchEvent(Unknown Source)
	at java.desktop/java.awt.Container.dispatchEventImpl(Unknown Source)
	at java.desktop/java.awt.Window.dispatchEventImpl(Unknown Source)
	at java.desktop/java.awt.Component.dispatchEvent(Unknown Source)
	at java.desktop/java.awt.EventQueue.dispatchEventImpl(Unknown Source)
	at java.desktop/java.awt.EventQueue$4.run(Unknown Source)
	at java.desktop/java.awt.EventQueue$4.run(Unknown Source)
	at java.base/java.security.AccessController.doPrivileged(Unknown Source)
	at java.base/java.security.ProtectionDomain$JavaSecurityAccessImpl.doIntersectionPrivilege(Unknown Source)
	at java.base/java.security.ProtectionDomain$JavaSecurityAccessImpl.doIntersectionPrivilege(Unknown Source)
	at java.desktop/java.awt.EventQueue$5.run(Unknown Source)
	at java.desktop/java.awt.EventQueue$5.run(Unknown Source)
	at java.base/java.security.AccessController.doPrivileged(Unknown Source)
	at java.base/java.security.ProtectionDomain$JavaSecurityAccessImpl.doIntersectionPrivilege(Unknown Source)
	at java.desktop/java.awt.EventQueue.dispatchEvent(Unknown Source)
	at java.desktop/java.awt.EventDispatchThread.pumpOneEventForFilters(Unknown Source)
	at java.desktop/java.awt.EventDispatchThread.pumpEventsForFilter(Unknown Source)
	at java.desktop/java.awt.EventDispatchThread.pumpEventsForHierarchy(Unknown Source)
	at java.desktop/java.awt.EventDispatchThread.pumpEvents(Unknown Source)
	at java.desktop/java.awt.EventDispatchThread.pumpEvents(Unknown Source)
	at java.desktop/java.awt.EventDispatchThread.run(Unknown Source)
Caused by: java.lang.NumberFormatException: For input string: ""
	at java.base/java.lang.NumberFormatException.forInputString(Unknown Source)
	at java.base/java.lang.Integer.parseInt(Unknown Source)
	at java.base/java.lang.Integer.parseInt(Unknown Source)
	... 52 more

Oct 12, 2024 11:10:50 PM de.gurkenlabs.litiengine.environment.MapObjectLoader loadCustomMapObjectProperties
WARNING: entity #{}: value {} for custom property {} could not be set
Oct 12, 2024 11:10:50 PM de.gurkenlabs.litiengine.DefaultUncaughtExceptionHandler uncaughtException
SEVERE: Game crashed! :(
java.lang.IllegalArgumentException: can't parse argument number: 
	at java.base/java.text.MessageFormat.makeFormat(Unknown Source)
	at java.base/java.text.MessageFormat.applyPattern(Unknown Source)
	at java.base/java.text.MessageFormat.<init>(Unknown Source)
	at java.base/java.text.MessageFormat.format(Unknown Source)
	at de.gurkenlabs.utiliti.swing.LogHandler.publish(LogHandler.java:39)
	at java.logging/java.util.logging.Logger.log(Unknown Source)
	at java.logging/java.util.logging.Logger.doLog(Unknown Source)
	at java.logging/java.util.logging.Logger.log(Unknown Source)
	at de.gurkenlabs.litiengine.environment.MapObjectLoader.loadCustomMapObjectProperties(MapObjectLoader.java:116)
	at de.gurkenlabs.litiengine.environment.MapObjectLoader.loadDefaultProperties(MapObjectLoader.java:77)
	at de.gurkenlabs.litiengine.environment.CreatureMapObjectLoader.load(CreatureMapObjectLoader.java:71)
	at de.gurkenlabs.litiengine.environment.Environment.load(Environment.java:1844)
	at de.gurkenlabs.litiengine.environment.Environment.loadMapObjects(Environment.java:2332)
	at de.gurkenlabs.litiengine.environment.Environment.init(Environment.java:1741)
	at de.gurkenlabs.utiliti.components.MapComponent.loadEnvironment(MapComponent.java:324)
	at de.gurkenlabs.utiliti.swing.controllers.MapList.lambda$new$1(MapList.java:58)
	at java.desktop/javax.swing.DefaultListSelectionModel.fireValueChanged(Unknown Source)
	at java.desktop/javax.swing.DefaultListSelectionModel.fireValueChanged(Unknown Source)
	at java.desktop/javax.swing.DefaultListSelectionModel.fireValueChanged(Unknown Source)
	at java.desktop/javax.swing.DefaultListSelectionModel.changeSelection(Unknown Source)
	at java.desktop/javax.swing.DefaultListSelectionModel.changeSelection(Unknown Source)
	at java.desktop/javax.swing.DefaultListSelectionModel.setSelectionInterval(Unknown Source)
	at java.desktop/javax.swing.JList.setSelectionInterval(Unknown Source)
	at com.github.weisj.darklaf.ui.list.DarkListUI$DarkHandler.adjustSelection(DarkListUI.java:257)
	at com.github.weisj.darklaf.ui.list.DarkListUIBridge$Handler.mousePressed(DarkListUIBridge.java:2545)
	at java.desktop/java.awt.AWTEventMulticaster.mousePressed(Unknown Source)
	at java.desktop/java.awt.Component.processMouseEvent(Unknown Source)
	at java.desktop/javax.swing.JComponent.processMouseEvent(Unknown Source)
	at java.desktop/java.awt.Component.processEvent(Unknown Source)
	at java.desktop/java.awt.Container.processEvent(Unknown Source)
	at java.desktop/java.awt.Component.dispatchEventImpl(Unknown Source)
	at java.desktop/java.awt.Container.dispatchEventImpl(Unknown Source)
	at java.desktop/java.awt.Component.dispatchEvent(Unknown Source)
	at java.desktop/java.awt.LightweightDispatcher.retargetMouseEvent(Unknown Source)
	at java.desktop/java.awt.LightweightDispatcher.processMouseEvent(Unknown Source)
	at java.desktop/java.awt.LightweightDispatcher.dispatchEvent(Unknown Source)
	at java.desktop/java.awt.Container.dispatchEventImpl(Unknown Source)
	at java.desktop/java.awt.Window.dispatchEventImpl(Unknown Source)
	at java.desktop/java.awt.Component.dispatchEvent(Unknown Source)
	at java.desktop/java.awt.EventQueue.dispatchEventImpl(Unknown Source)
	at java.desktop/java.awt.EventQueue$4.run(Unknown Source)
	at java.desktop/java.awt.EventQueue$4.run(Unknown Source)
	at java.base/java.security.AccessController.doPrivileged(Unknown Source)
	at java.base/java.security.ProtectionDomain$JavaSecurityAccessImpl.doIntersectionPrivilege(Unknown Source)
	at java.base/java.security.ProtectionDomain$JavaSecurityAccessImpl.doIntersectionPrivilege(Unknown Source)
	at java.desktop/java.awt.EventQueue$5.run(Unknown Source)
	at java.desktop/java.awt.EventQueue$5.run(Unknown Source)
	at java.base/java.security.AccessController.doPrivileged(Unknown Source)
	at java.base/java.security.ProtectionDomain$JavaSecurityAccessImpl.doIntersectionPrivilege(Unknown Source)
	at java.desktop/java.awt.EventQueue.dispatchEvent(Unknown Source)
	at java.desktop/java.awt.EventDispatchThread.pumpOneEventForFilters(Unknown Source)
	at java.desktop/java.awt.EventDispatchThread.pumpEventsForFilter(Unknown Source)
	at java.desktop/java.awt.EventDispatchThread.pumpEventsForHierarchy(Unknown Source)
	at java.desktop/java.awt.EventDispatchThread.pumpEvents(Unknown Source)
	at java.desktop/java.awt.EventDispatchThread.pumpEvents(Unknown Source)
	at java.desktop/java.awt.EventDispatchThread.run(Unknown Source)
Caused by: java.lang.NumberFormatException: For input string: ""
	at java.base/java.lang.NumberFormatException.forInputString(Unknown Source)
	at java.base/java.lang.Integer.parseInt(Unknown Source)
	at java.base/java.lang.Integer.parseInt(Unknown Source)
	... 56 more

Oct 12, 2024 11:10:50 PM de.gurkenlabs.litiengine.environment.MapObjectLoader loadCustomMapObjectProperties
WARNING: entity #{}: value {} for custom property {} could not be set
Oct 12, 2024 11:10:50 PM de.gurkenlabs.litiengine.DefaultUncaughtExceptionHandler uncaughtException
SEVERE: Game crashed! :(
java.lang.IllegalArgumentException: can't parse argument number: 
	at java.base/java.text.MessageFormat.makeFormat(Unknown Source)
	at java.base/java.text.MessageFormat.applyPattern(Unknown Source)
	at java.base/java.text.MessageFormat.<init>(Unknown Source)
	at java.base/java.text.MessageFormat.format(Unknown Source)
	at de.gurkenlabs.utiliti.swing.LogHandler.publish(LogHandler.java:39)
	at java.logging/java.util.logging.Logger.log(Unknown Source)
	at java.logging/java.util.logging.Logger.doLog(Unknown Source)
	at java.logging/java.util.logging.Logger.log(Unknown Source)
	at de.gurkenlabs.litiengine.environment.MapObjectLoader.loadCustomMapObjectProperties(MapObjectLoader.java:116)
	at de.gurkenlabs.litiengine.environment.MapObjectLoader.loadDefaultProperties(MapObjectLoader.java:77)
	at de.gurkenlabs.litiengine.environment.CreatureMapObjectLoader.load(CreatureMapObjectLoader.java:71)
	at de.gurkenlabs.litiengine.environment.Environment.load(Environment.java:1844)
	at de.gurkenlabs.litiengine.environment.Environment.loadMapObjects(Environment.java:2332)
	at de.gurkenlabs.litiengine.environment.Environment.init(Environment.java:1741)
	at de.gurkenlabs.utiliti.components.MapComponent.loadEnvironment(MapComponent.java:324)
	at de.gurkenlabs.utiliti.swing.controllers.MapList.lambda$new$1(MapList.java:58)
	at java.desktop/javax.swing.DefaultListSelectionModel.fireValueChanged(Unknown Source)
	at java.desktop/javax.swing.DefaultListSelectionModel.fireValueChanged(Unknown Source)
	at java.desktop/javax.swing.DefaultListSelectionModel.setValueIsAdjusting(Unknown Source)
	at java.desktop/javax.swing.JList.setValueIsAdjusting(Unknown Source)
	at com.github.weisj.darklaf.ui.list.DarkListUIBridge$Handler.mouseReleased(DarkListUIBridge.java:2611)
	at java.desktop/java.awt.AWTEventMulticaster.mouseReleased(Unknown Source)
	at java.desktop/java.awt.Component.processMouseEvent(Unknown Source)
	at java.desktop/javax.swing.JComponent.processMouseEvent(Unknown Source)
	at java.desktop/java.awt.Component.processEvent(Unknown Source)
	at java.desktop/java.awt.Container.processEvent(Unknown Source)
	at java.desktop/java.awt.Component.dispatchEventImpl(Unknown Source)
	at java.desktop/java.awt.Container.dispatchEventImpl(Unknown Source)
	at java.desktop/java.awt.Component.dispatchEvent(Unknown Source)
	at java.desktop/java.awt.LightweightDispatcher.retargetMouseEvent(Unknown Source)
	at java.desktop/java.awt.LightweightDispatcher.processMouseEvent(Unknown Source)
	at java.desktop/java.awt.LightweightDispatcher.dispatchEvent(Unknown Source)
	at java.desktop/java.awt.Container.dispatchEventImpl(Unknown Source)
	at java.desktop/java.awt.Window.dispatchEventImpl(Unknown Source)
	at java.desktop/java.awt.Component.dispatchEvent(Unknown Source)
	at java.desktop/java.awt.EventQueue.dispatchEventImpl(Unknown Source)
	at java.desktop/java.awt.EventQueue$4.run(Unknown Source)
	at java.desktop/java.awt.EventQueue$4.run(Unknown Source)
	at java.base/java.security.AccessController.doPrivileged(Unknown Source)
	at java.base/java.security.ProtectionDomain$JavaSecurityAccessImpl.doIntersectionPrivilege(Unknown Source)
	at java.base/java.security.ProtectionDomain$JavaSecurityAccessImpl.doIntersectionPrivilege(Unknown Source)
	at java.desktop/java.awt.EventQueue$5.run(Unknown Source)
	at java.desktop/java.awt.EventQueue$5.run(Unknown Source)
	at java.base/java.security.AccessController.doPrivileged(Unknown Source)
	at java.base/java.security.ProtectionDomain$JavaSecurityAccessImpl.doIntersectionPrivilege(Unknown Source)
	at java.desktop/java.awt.EventQueue.dispatchEvent(Unknown Source)
	at java.desktop/java.awt.EventDispatchThread.pumpOneEventForFilters(Unknown Source)
	at java.desktop/java.awt.EventDispatchThread.pumpEventsForFilter(Unknown Source)
	at java.desktop/java.awt.EventDispatchThread.pumpEventsForHierarchy(Unknown Source)
	at java.desktop/java.awt.EventDispatchThread.pumpEvents(Unknown Source)
	at java.desktop/java.awt.EventDispatchThread.pumpEvents(Unknown Source)
	at java.desktop/java.awt.EventDispatchThread.run(Unknown Source)
Caused by: java.lang.NumberFormatException: For input string: ""
	at java.base/java.lang.NumberFormatException.forInputString(Unknown Source)
	at java.base/java.lang.Integer.parseInt(Unknown Source)
	at java.base/java.lang.Integer.parseInt(Unknown Source)
	... 52 more

